<?xml version="1.0" encoding="UTF-8"?>
<!-- Generated by org.testng.reporters.JUnitReportReporter -->
<testsuite hostname="LIN80024688" failures="0" tests="1" name="com.crm.qa.testcases.LoginPageTest" time="6.659" errors="0" timestamp="11 Jul 2022 07:20:56 GMT" skipped="0">
  <testcase classname="com.crm.qa.testcases.LoginPageTest" name="crmLogoImageTest" time="6.659"/>
</testsuite> <!-- com.crm.qa.testcases.LoginPageTest -->
